# JRE version: OpenJDK Runtime Environment (11.0.10) (build 11.0.10+0-b96-7249189)
# Java VM: OpenJDK 64-Bit Server VM (11.0.10+0-b96-7249189, mixed mode, tiered, compressed oops, g1 gc, windows-amd64)
Heap:
 garbage-first heap   total 227328K, used 128402K [0x0000000080000000, 0x0000000100000000)
  region size 1024K, 10 young (10240K), 1 survivors (1024K)
 Metaspace       used 113559K, capacity 116632K, committed 116888K, reserved 1150976K
  class space    used 14371K, capacity 15506K, committed 15616K, reserved 1048576K
GC Heap History (20 events):
Event: 575.215 GC heap before
{Heap before GC invocations=38 (full 0):
 garbage-first heap   total 189440K, used 146061K [0x0000000080000000, 0x0000000100000000)
  region size 1024K, 24 young (24576K), 1 survivors (1024K)
 Metaspace       used 104372K, capacity 107291K, committed 107800K, reserved 1142784K
  class space    used 13269K, capacity 14336K, committed 14464K, reserved 1048576K
}
Event: 575.226 GC heap after
{Heap after GC invocations=39 (full 0):
 garbage-first heap   total 189440K, used 124037K [0x0000000080000000, 0x0000000100000000)
  region size 1024K, 3 young (3072K), 3 survivors (3072K)
 Metaspace       used 104372K, capacity 107291K, committed 107800K, reserved 1142784K
  class space    used 13269K, capacity 14336K, committed 14464K, reserved 1048576K
}
Event: 575.434 GC heap before
{Heap before GC invocations=39 (full 0):
 garbage-first heap   total 189440K, used 129157K [0x0000000080000000, 0x0000000100000000)
  region size 1024K, 9 young (9216K), 3 survivors (3072K)
 Metaspace       used 104639K, capacity 107512K, committed 107800K, reserved 1142784K
  class space    used 13304K, capacity 14342K, committed 14464K, reserved 1048576K
}
Event: 575.464 GC heap after
{Heap after GC invocations=40 (full 0):
 garbage-first heap   total 189440K, used 114124K [0x0000000080000000, 0x0000000100000000)
  region size 1024K, 1 young (1024K), 1 survivors (1024K)
 Metaspace       used 104639K, capacity 107512K, committed 107800K, reserved 1142784K
  class space    used 13304K, capacity 14342K, committed 14464K, reserved 1048576K
}
Event: 576.014 GC heap before
{Heap before GC invocations=40 (full 0):
 garbage-first heap   total 189440K, used 141772K [0x0000000080000000, 0x0000000100000000)
  region size 1024K, 29 young (29696K), 1 survivors (1024K)
 Metaspace       used 104822K, capacity 107772K, committed 108184K, reserved 1142784K
  class space    used 13316K, capacity 14380K, committed 14592K, reserved 1048576K
}
Event: 576.024 GC heap after
{Heap after GC invocations=41 (full 0):
 garbage-first heap   total 189440K, used 115460K [0x0000000080000000, 0x0000000100000000)
  region size 1024K, 3 young (3072K), 3 survivors (3072K)
 Metaspace       used 104822K, capacity 107772K, committed 108184K, reserved 1142784K
  class space    used 13316K, capacity 14380K, committed 14592K, reserved 1048576K
}
Event: 576.767 GC heap before
{Heap before GC invocations=42 (full 0):
 garbage-first heap   total 189440K, used 142084K [0x0000000080000000, 0x0000000100000000)
  region size 1024K, 32 young (32768K), 3 survivors (3072K)
 Metaspace       used 104946K, capacity 107836K, committed 108184K, reserved 1142784K
  class space    used 13318K, capacity 14376K, committed 14592K, reserved 1048576K
}
Event: 576.778 GC heap after
{Heap after GC invocations=43 (full 0):
 garbage-first heap   total 189440K, used 115318K [0x0000000080000000, 0x0000000100000000)
  region size 1024K, 4 young (4096K), 4 survivors (4096K)
 Metaspace       used 104946K, capacity 107836K, committed 108184K, reserved 1142784K
  class space    used 13318K, capacity 14376K, committed 14592K, reserved 1048576K
}
Event: 576.823 GC heap before
{Heap before GC invocations=43 (full 0):
 garbage-first heap   total 189440K, used 119414K [0x0000000080000000, 0x0000000100000000)
  region size 1024K, 9 young (9216K), 4 survivors (4096K)
 Metaspace       used 104947K, capacity 107836K, committed 108184K, reserved 1142784K
  class space    used 13318K, capacity 14376K, committed 14592K, reserved 1048576K
}
Event: 576.834 GC heap after
{Heap after GC invocations=44 (full 0):
 garbage-first heap   total 189440K, used 111557K [0x0000000080000000, 0x0000000100000000)
  region size 1024K, 1 young (1024K), 1 survivors (1024K)
 Metaspace       used 104947K, capacity 107836K, committed 108184K, reserved 1142784K
  class space    used 13318K, capacity 14376K, committed 14592K, reserved 1048576K
}
Event: 580.764 GC heap before
{Heap before GC invocations=44 (full 0):
 garbage-first heap   total 189440K, used 143301K [0x0000000080000000, 0x0000000100000000)
  region size 1024K, 33 young (33792K), 1 survivors (1024K)
 Metaspace       used 106127K, capacity 109099K, committed 109336K, reserved 1144832K
  class space    used 13450K, capacity 14532K, committed 14720K, reserved 1048576K
}
Event: 580.795 GC heap after
{Heap after GC invocations=45 (full 0):
 garbage-first heap   total 189440K, used 115952K [0x0000000080000000, 0x0000000100000000)
  region size 1024K, 5 young (5120K), 5 survivors (5120K)
 Metaspace       used 106127K, capacity 109099K, committed 109336K, reserved 1144832K
  class space    used 13450K, capacity 14532K, committed 14720K, reserved 1048576K
}
Event: 581.950 GC heap before
{Heap before GC invocations=46 (full 0):
 garbage-first heap   total 189440K, used 146672K [0x0000000080000000, 0x0000000100000000)
  region size 1024K, 36 young (36864K), 5 survivors (5120K)
 Metaspace       used 106577K, capacity 109569K, committed 109848K, reserved 1144832K
  class space    used 13493K, capacity 14538K, committed 14720K, reserved 1048576K
}
Event: 581.958 GC heap after
{Heap after GC invocations=47 (full 0):
 garbage-first heap   total 189440K, used 114706K [0x0000000080000000, 0x0000000100000000)
  region size 1024K, 1 young (1024K), 1 survivors (1024K)
 Metaspace       used 106577K, capacity 109569K, committed 109848K, reserved 1144832K
  class space    used 13493K, capacity 14538K, committed 14720K, reserved 1048576K
}
Event: 582.128 GC heap before
{Heap before GC invocations=47 (full 0):
 garbage-first heap   total 189440K, used 121874K [0x0000000080000000, 0x0000000100000000)
  region size 1024K, 9 young (9216K), 1 survivors (1024K)
 Metaspace       used 106625K, capacity 109638K, committed 109848K, reserved 1144832K
  class space    used 13495K, capacity 14540K, committed 14720K, reserved 1048576K
}
Event: 582.132 GC heap after
{Heap after GC invocations=48 (full 0):
 garbage-first heap   total 189440K, used 113887K [0x0000000080000000, 0x0000000100000000)
  region size 1024K, 1 young (1024K), 1 survivors (1024K)
 Metaspace       used 106625K, capacity 109638K, committed 109848K, reserved 1144832K
  class space    used 13495K, capacity 14540K, committed 14720K, reserved 1048576K
}
Event: 584.062 GC heap before
{Heap before GC invocations=48 (full 0):
 garbage-first heap   total 189440K, used 148703K [0x0000000080000000, 0x0000000100000000)
  region size 1024K, 36 young (36864K), 1 survivors (1024K)
 Metaspace       used 110973K, capacity 113962K, committed 114200K, reserved 1148928K
  class space    used 14084K, capacity 15211K, committed 15232K, reserved 1048576K
}
Event: 584.078 GC heap after
{Heap after GC invocations=49 (full 0):
 garbage-first heap   total 189440K, used 117344K [0x0000000080000000, 0x0000000100000000)
  region size 1024K, 4 young (4096K), 4 survivors (4096K)
 Metaspace       used 110973K, capacity 113962K, committed 114200K, reserved 1148928K
  class space    used 14084K, capacity 15211K, committed 15232K, reserved 1048576K
}
Event: 584.743 GC heap before
{Heap before GC invocations=49 (full 0):
 garbage-first heap   total 189440K, used 125536K [0x0000000080000000, 0x0000000100000000)
  region size 1024K, 14 young (14336K), 4 survivors (4096K)
 Metaspace       used 113493K, capacity 116498K, committed 116632K, reserved 1150976K
  class space    used 14367K, capacity 15504K, committed 15616K, reserved 1048576K
}
Event: 584.781 GC heap after
{Heap after GC invocations=50 (full 0):
 garbage-first heap   total 227328K, used 118162K [0x0000000080000000, 0x0000000100000000)
  region size 1024K, 1 young (1024K), 1 survivors (1024K)
 Metaspace       used 113493K, capacity 116498K, committed 116632K, reserved 1150976K
  class space    used 14367K, capacity 15504K, committed 15616K, reserved 1048576K
}

